   1               		.file	"host.c"
   2               	__SP_H__ = 0x3e
   3               	__SP_L__ = 0x3d
   4               	__SREG__ = 0x3f
   5               	__tmp_reg__ = 0
   6               	__zero_reg__ = 1
   7               		.text
   8               	.Ltext0:
   9               		.cfi_sections	.debug_frame
  10               		.section	.text.host_set_driver,"ax",@progbits
  11               	.global	host_set_driver
  13               	host_set_driver:
  14               	.LFB1:
  15               		.file 1 "./tmk_core/common/host.c"
   1:./tmk_core/common/host.c **** /*
   2:./tmk_core/common/host.c **** Copyright 2011,2012 Jun Wako <wakojun@gmail.com>
   3:./tmk_core/common/host.c **** 
   4:./tmk_core/common/host.c **** This program is free software: you can redistribute it and/or modify
   5:./tmk_core/common/host.c **** it under the terms of the GNU General Public License as published by
   6:./tmk_core/common/host.c **** the Free Software Foundation, either version 2 of the License, or
   7:./tmk_core/common/host.c **** (at your option) any later version.
   8:./tmk_core/common/host.c **** 
   9:./tmk_core/common/host.c **** This program is distributed in the hope that it will be useful,
  10:./tmk_core/common/host.c **** but WITHOUT ANY WARRANTY; without even the implied warranty of
  11:./tmk_core/common/host.c **** MERCHANTABILITY or FITNESS FOR A PARTICULAR PURPOSE.  See the
  12:./tmk_core/common/host.c **** GNU General Public License for more details.
  13:./tmk_core/common/host.c **** 
  14:./tmk_core/common/host.c **** You should have received a copy of the GNU General Public License
  15:./tmk_core/common/host.c **** along with this program.  If not, see <http://www.gnu.org/licenses/>.
  16:./tmk_core/common/host.c **** */
  17:./tmk_core/common/host.c **** 
  18:./tmk_core/common/host.c **** #include <stdint.h>
  19:./tmk_core/common/host.c **** //#include <avr/interrupt.h>
  20:./tmk_core/common/host.c **** #include "keycode.h"
  21:./tmk_core/common/host.c **** #include "host.h"
  22:./tmk_core/common/host.c **** #include "util.h"
  23:./tmk_core/common/host.c **** #include "debug.h"
  24:./tmk_core/common/host.c **** 
  25:./tmk_core/common/host.c **** static host_driver_t *driver;
  26:./tmk_core/common/host.c **** static uint16_t last_system_report = 0;
  27:./tmk_core/common/host.c **** static uint16_t last_consumer_report = 0;
  28:./tmk_core/common/host.c **** 
  29:./tmk_core/common/host.c **** 
  30:./tmk_core/common/host.c **** void host_set_driver(host_driver_t *d)
  31:./tmk_core/common/host.c **** {
  16               		.loc 1 31 0
  17               		.cfi_startproc
  18               	.LVL0:
  19               	/* prologue: function */
  20               	/* frame size = 0 */
  21               	/* stack size = 0 */
  22               	.L__stack_usage = 0
  32:./tmk_core/common/host.c ****     driver = d;
  23               		.loc 1 32 0
  24 0000 9093 0000 		sts driver+1,r25
  25 0004 8093 0000 		sts driver,r24
  26               	/* epilogue start */
  33:./tmk_core/common/host.c **** }
  27               		.loc 1 33 0
  28 0008 0895      		ret
  29               		.cfi_endproc
  30               	.LFE1:
  32               		.section	.text.host_get_driver,"ax",@progbits
  33               	.global	host_get_driver
  35               	host_get_driver:
  36               	.LFB2:
  34:./tmk_core/common/host.c **** 
  35:./tmk_core/common/host.c **** host_driver_t *host_get_driver(void)
  36:./tmk_core/common/host.c **** {
  37               		.loc 1 36 0
  38               		.cfi_startproc
  39               	/* prologue: function */
  40               	/* frame size = 0 */
  41               	/* stack size = 0 */
  42               	.L__stack_usage = 0
  37:./tmk_core/common/host.c ****     return driver;
  38:./tmk_core/common/host.c **** }
  43               		.loc 1 38 0
  44 0000 8091 0000 		lds r24,driver
  45 0004 9091 0000 		lds r25,driver+1
  46               	/* epilogue start */
  47 0008 0895      		ret
  48               		.cfi_endproc
  49               	.LFE2:
  51               		.section	.text.host_keyboard_leds,"ax",@progbits
  52               	.global	host_keyboard_leds
  54               	host_keyboard_leds:
  55               	.LFB3:
  39:./tmk_core/common/host.c **** 
  40:./tmk_core/common/host.c **** uint8_t host_keyboard_leds(void)
  41:./tmk_core/common/host.c **** {
  56               		.loc 1 41 0
  57               		.cfi_startproc
  58               	/* prologue: function */
  59               	/* frame size = 0 */
  60               	/* stack size = 0 */
  61               	.L__stack_usage = 0
  42:./tmk_core/common/host.c ****     if (!driver) return 0;
  62               		.loc 1 42 0
  63 0000 E091 0000 		lds r30,driver
  64 0004 F091 0000 		lds r31,driver+1
  65 0008 3097      		sbiw r30,0
  66 000a 01F0      		breq .L4
  43:./tmk_core/common/host.c ****     return (*driver->keyboard_leds)();
  67               		.loc 1 43 0
  68 000c 0190      		ld __tmp_reg__,Z+
  69 000e F081      		ld r31,Z
  70 0010 E02D      		mov r30,__tmp_reg__
  71 0012 0994      		ijmp
  72               	.LVL1:
  73               	.L4:
  44:./tmk_core/common/host.c **** }
  74               		.loc 1 44 0
  75 0014 80E0      		ldi r24,0
  76               	/* epilogue start */
  77 0016 0895      		ret
  78               		.cfi_endproc
  79               	.LFE3:
  81               		.section	.text.host_keyboard_send,"ax",@progbits
  82               	.global	host_keyboard_send
  84               	host_keyboard_send:
  85               	.LFB4:
  45:./tmk_core/common/host.c **** /* send report */
  46:./tmk_core/common/host.c **** void host_keyboard_send(report_keyboard_t *report)
  47:./tmk_core/common/host.c **** {
  86               		.loc 1 47 0
  87               		.cfi_startproc
  88               	.LVL2:
  89 0000 EF92      		push r14
  90               	.LCFI0:
  91               		.cfi_def_cfa_offset 3
  92               		.cfi_offset 14, -2
  93 0002 FF92      		push r15
  94               	.LCFI1:
  95               		.cfi_def_cfa_offset 4
  96               		.cfi_offset 15, -3
  97 0004 0F93      		push r16
  98               	.LCFI2:
  99               		.cfi_def_cfa_offset 5
 100               		.cfi_offset 16, -4
 101 0006 1F93      		push r17
 102               	.LCFI3:
 103               		.cfi_def_cfa_offset 6
 104               		.cfi_offset 17, -5
 105 0008 CF93      		push r28
 106               	.LCFI4:
 107               		.cfi_def_cfa_offset 7
 108               		.cfi_offset 28, -6
 109 000a DF93      		push r29
 110               	.LCFI5:
 111               		.cfi_def_cfa_offset 8
 112               		.cfi_offset 29, -7
 113               	/* prologue: function */
 114               	/* frame size = 0 */
 115               	/* stack size = 6 */
 116               	.L__stack_usage = 6
 117 000c 8C01      		movw r16,r24
  48:./tmk_core/common/host.c ****     if (!driver) return;
 118               		.loc 1 48 0
 119 000e E091 0000 		lds r30,driver
 120 0012 F091 0000 		lds r31,driver+1
 121 0016 3097      		sbiw r30,0
 122 0018 01F0      		breq .L5
  49:./tmk_core/common/host.c ****     (*driver->send_keyboard)(report);
 123               		.loc 1 49 0
 124 001a 0280      		ldd __tmp_reg__,Z+2
 125 001c F381      		ldd r31,Z+3
 126 001e E02D      		mov r30,__tmp_reg__
 127 0020 0995      		icall
 128               	.LVL3:
  50:./tmk_core/common/host.c **** 
  51:./tmk_core/common/host.c ****     if (debug_keyboard) {
 129               		.loc 1 51 0
 130 0022 8091 0000 		lds r24,debug_config
 131 0026 82FF      		sbrs r24,2
 132 0028 00C0      		rjmp .L5
  52:./tmk_core/common/host.c ****         dprint("keyboard_report: ");
 133               		.loc 1 52 0
 134 002a 80FF      		sbrs r24,0
 135 002c 00C0      		rjmp .L9
 136               		.loc 1 52 0 is_stmt 0 discriminator 1
 137 002e 80E0      		ldi r24,lo8(__c.2031)
 138 0030 90E0      		ldi r25,hi8(__c.2031)
 139 0032 0E94 0000 		call xputs
 140               	.LVL4:
 141               	.L9:
  47:./tmk_core/common/host.c ****     if (!driver) return;
 142               		.loc 1 47 0 is_stmt 1
 143 0036 D0E0      		ldi r29,0
 144 0038 C0E0      		ldi r28,0
 145               	.LBB2:
  53:./tmk_core/common/host.c ****         for (uint8_t i = 0; i < KEYBOARD_REPORT_SIZE; i++) {
  54:./tmk_core/common/host.c ****             dprintf("%02X ", report->raw[i]);
 146               		.loc 1 54 0
 147 003a 80E0      		ldi r24,lo8(__c.2034)
 148 003c E82E      		mov r14,r24
 149 003e 80E0      		ldi r24,hi8(__c.2034)
 150 0040 F82E      		mov r15,r24
 151               	.L11:
 152               	.LVL5:
 153 0042 8091 0000 		lds r24,debug_config
 154 0046 80FF      		sbrs r24,0
 155 0048 00C0      		rjmp .L10
 156               		.loc 1 54 0 is_stmt 0 discriminator 1
 157 004a F801      		movw r30,r16
 158 004c EC0F      		add r30,r28
 159 004e FD1F      		adc r31,r29
 160 0050 8081      		ld r24,Z
 161 0052 1F92      		push __zero_reg__
 162               	.LCFI6:
 163               		.cfi_def_cfa_offset 9
 164 0054 8F93      		push r24
 165               	.LCFI7:
 166               		.cfi_def_cfa_offset 10
 167 0056 FF92      		push r15
 168               	.LCFI8:
 169               		.cfi_def_cfa_offset 11
 170 0058 EF92      		push r14
 171               	.LCFI9:
 172               		.cfi_def_cfa_offset 12
 173 005a 0E94 0000 		call __xprintf
 174               	.LVL6:
 175 005e 0F90      		pop __tmp_reg__
 176 0060 0F90      		pop __tmp_reg__
 177 0062 0F90      		pop __tmp_reg__
 178 0064 0F90      		pop __tmp_reg__
 179               	.LCFI10:
 180               		.cfi_def_cfa_offset 8
 181               	.L10:
 182               	.LVL7:
 183 0066 2196      		adiw r28,1
 184               	.LVL8:
  53:./tmk_core/common/host.c ****         for (uint8_t i = 0; i < KEYBOARD_REPORT_SIZE; i++) {
 185               		.loc 1 53 0 is_stmt 1 discriminator 2
 186 0068 C830      		cpi r28,8
 187 006a D105      		cpc r29,__zero_reg__
 188 006c 01F4      		brne .L11
 189               	.LBE2:
  55:./tmk_core/common/host.c ****         }
  56:./tmk_core/common/host.c ****         dprint("\n");
 190               		.loc 1 56 0
 191 006e 8091 0000 		lds r24,debug_config
 192 0072 80FF      		sbrs r24,0
 193 0074 00C0      		rjmp .L5
 194               		.loc 1 56 0 is_stmt 0 discriminator 1
 195 0076 80E0      		ldi r24,lo8(__c.2039)
 196 0078 90E0      		ldi r25,hi8(__c.2039)
 197               	/* epilogue start */
  57:./tmk_core/common/host.c ****     }
  58:./tmk_core/common/host.c **** }
 198               		.loc 1 58 0 is_stmt 1 discriminator 1
 199 007a DF91      		pop r29
 200 007c CF91      		pop r28
 201               	.LVL9:
 202 007e 1F91      		pop r17
 203 0080 0F91      		pop r16
 204               	.LVL10:
 205 0082 FF90      		pop r15
 206 0084 EF90      		pop r14
  56:./tmk_core/common/host.c ****     }
 207               		.loc 1 56 0 discriminator 1
 208 0086 0C94 0000 		jmp xputs
 209               	.LVL11:
 210               	.L5:
 211               	/* epilogue start */
 212               		.loc 1 58 0
 213 008a DF91      		pop r29
 214 008c CF91      		pop r28
 215 008e 1F91      		pop r17
 216 0090 0F91      		pop r16
 217               	.LVL12:
 218 0092 FF90      		pop r15
 219 0094 EF90      		pop r14
 220 0096 0895      		ret
 221               		.cfi_endproc
 222               	.LFE4:
 224               		.section	.text.host_mouse_send,"ax",@progbits
 225               	.global	host_mouse_send
 227               	host_mouse_send:
 228               	.LFB5:
  59:./tmk_core/common/host.c **** 
  60:./tmk_core/common/host.c **** void host_mouse_send(report_mouse_t *report)
  61:./tmk_core/common/host.c **** {
 229               		.loc 1 61 0
 230               		.cfi_startproc
 231               	.LVL13:
 232               	/* prologue: function */
 233               	/* frame size = 0 */
 234               	/* stack size = 0 */
 235               	.L__stack_usage = 0
  62:./tmk_core/common/host.c ****     if (!driver) return;
 236               		.loc 1 62 0
 237 0000 E091 0000 		lds r30,driver
 238 0004 F091 0000 		lds r31,driver+1
 239 0008 3097      		sbiw r30,0
 240 000a 01F0      		breq .L25
  63:./tmk_core/common/host.c ****     (*driver->send_mouse)(report);
 241               		.loc 1 63 0
 242 000c 0480      		ldd __tmp_reg__,Z+4
 243 000e F581      		ldd r31,Z+5
 244 0010 E02D      		mov r30,__tmp_reg__
 245 0012 0994      		ijmp
 246               	.LVL14:
 247               	.L25:
 248               	/* epilogue start */
  64:./tmk_core/common/host.c **** }
 249               		.loc 1 64 0
 250 0014 0895      		ret
 251               		.cfi_endproc
 252               	.LFE5:
 254               		.section	.text.host_system_send,"ax",@progbits
 255               	.global	host_system_send
 257               	host_system_send:
 258               	.LFB6:
  65:./tmk_core/common/host.c **** 
  66:./tmk_core/common/host.c **** void host_system_send(uint16_t report)
  67:./tmk_core/common/host.c **** {
 259               		.loc 1 67 0
 260               		.cfi_startproc
 261               	.LVL15:
 262               	/* prologue: function */
 263               	/* frame size = 0 */
 264               	/* stack size = 0 */
 265               	.L__stack_usage = 0
  68:./tmk_core/common/host.c ****     if (report == last_system_report) return;
 266               		.loc 1 68 0
 267 0000 2091 0000 		lds r18,last_system_report
 268 0004 3091 0000 		lds r19,last_system_report+1
 269 0008 2817      		cp r18,r24
 270 000a 3907      		cpc r19,r25
 271 000c 01F0      		breq .L27
  69:./tmk_core/common/host.c ****     last_system_report = report;
 272               		.loc 1 69 0
 273 000e 9093 0000 		sts last_system_report+1,r25
 274 0012 8093 0000 		sts last_system_report,r24
  70:./tmk_core/common/host.c **** 
  71:./tmk_core/common/host.c ****     if (!driver) return;
 275               		.loc 1 71 0
 276 0016 E091 0000 		lds r30,driver
 277 001a F091 0000 		lds r31,driver+1
 278 001e 3097      		sbiw r30,0
 279 0020 01F0      		breq .L27
  72:./tmk_core/common/host.c ****     (*driver->send_system)(report);
 280               		.loc 1 72 0
 281 0022 0680      		ldd __tmp_reg__,Z+6
 282 0024 F781      		ldd r31,Z+7
 283 0026 E02D      		mov r30,__tmp_reg__
 284 0028 0994      		ijmp
 285               	.LVL16:
 286               	.L27:
 287               	/* epilogue start */
  73:./tmk_core/common/host.c **** }
 288               		.loc 1 73 0
 289 002a 0895      		ret
 290               		.cfi_endproc
 291               	.LFE6:
 293               		.section	.text.host_consumer_send,"ax",@progbits
 294               	.global	host_consumer_send
 296               	host_consumer_send:
 297               	.LFB7:
  74:./tmk_core/common/host.c **** 
  75:./tmk_core/common/host.c **** void host_consumer_send(uint16_t report)
  76:./tmk_core/common/host.c **** {
 298               		.loc 1 76 0
 299               		.cfi_startproc
 300               	.LVL17:
 301               	/* prologue: function */
 302               	/* frame size = 0 */
 303               	/* stack size = 0 */
 304               	.L__stack_usage = 0
  77:./tmk_core/common/host.c ****     if (report == last_consumer_report) return;
 305               		.loc 1 77 0
 306 0000 2091 0000 		lds r18,last_consumer_report
 307 0004 3091 0000 		lds r19,last_consumer_report+1
 308 0008 2817      		cp r18,r24
 309 000a 3907      		cpc r19,r25
 310 000c 01F0      		breq .L34
  78:./tmk_core/common/host.c ****     last_consumer_report = report;
 311               		.loc 1 78 0
 312 000e 9093 0000 		sts last_consumer_report+1,r25
 313 0012 8093 0000 		sts last_consumer_report,r24
  79:./tmk_core/common/host.c **** 
  80:./tmk_core/common/host.c ****     if (!driver) return;
 314               		.loc 1 80 0
 315 0016 E091 0000 		lds r30,driver
 316 001a F091 0000 		lds r31,driver+1
 317 001e 3097      		sbiw r30,0
 318 0020 01F0      		breq .L34
  81:./tmk_core/common/host.c ****     (*driver->send_consumer)(report);
 319               		.loc 1 81 0
 320 0022 0084      		ldd __tmp_reg__,Z+8
 321 0024 F185      		ldd r31,Z+9
 322 0026 E02D      		mov r30,__tmp_reg__
 323 0028 0994      		ijmp
 324               	.LVL18:
 325               	.L34:
 326               	/* epilogue start */
  82:./tmk_core/common/host.c **** }
 327               		.loc 1 82 0
 328 002a 0895      		ret
 329               		.cfi_endproc
 330               	.LFE7:
 332               		.section	.text.host_last_system_report,"ax",@progbits
 333               	.global	host_last_system_report
 335               	host_last_system_report:
 336               	.LFB8:
  83:./tmk_core/common/host.c **** 
  84:./tmk_core/common/host.c **** uint16_t host_last_system_report(void)
  85:./tmk_core/common/host.c **** {
 337               		.loc 1 85 0
 338               		.cfi_startproc
 339               	/* prologue: function */
 340               	/* frame size = 0 */
 341               	/* stack size = 0 */
 342               	.L__stack_usage = 0
  86:./tmk_core/common/host.c ****     return last_system_report;
  87:./tmk_core/common/host.c **** }
 343               		.loc 1 87 0
 344 0000 8091 0000 		lds r24,last_system_report
 345 0004 9091 0000 		lds r25,last_system_report+1
 346               	/* epilogue start */
 347 0008 0895      		ret
 348               		.cfi_endproc
 349               	.LFE8:
 351               		.section	.text.host_last_consumer_report,"ax",@progbits
 352               	.global	host_last_consumer_report
 354               	host_last_consumer_report:
 355               	.LFB9:
  88:./tmk_core/common/host.c **** 
  89:./tmk_core/common/host.c **** uint16_t host_last_consumer_report(void)
  90:./tmk_core/common/host.c **** {
 356               		.loc 1 90 0
 357               		.cfi_startproc
 358               	/* prologue: function */
 359               	/* frame size = 0 */
 360               	/* stack size = 0 */
 361               	.L__stack_usage = 0
  91:./tmk_core/common/host.c ****     return last_consumer_report;
  92:./tmk_core/common/host.c **** }
 362               		.loc 1 92 0
 363 0000 8091 0000 		lds r24,last_consumer_report
 364 0004 9091 0000 		lds r25,last_consumer_report+1
 365               	/* epilogue start */
 366 0008 0895      		ret
 367               		.cfi_endproc
 368               	.LFE9:
 370               		.section	.progmem.data.__c.2039,"a",@progbits
 373               	__c.2039:
 374 0000 0A00      		.string	"\n"
 375               		.section	.progmem.data.__c.2034,"a",@progbits
 378               	__c.2034:
 379 0000 2530 3258 		.string	"%02X "
 379      2000 
 380               		.section	.progmem.data.__c.2031,"a",@progbits
 383               	__c.2031:
 384 0000 6B65 7962 		.string	"keyboard_report: "
 384      6F61 7264 
 384      5F72 6570 
 384      6F72 743A 
 384      2000 
 385               		.section	.bss.last_consumer_report,"aw",@nobits
 388               	last_consumer_report:
 389 0000 0000      		.zero	2
 390               		.section	.bss.last_system_report,"aw",@nobits
 393               	last_system_report:
 394 0000 0000      		.zero	2
 395               		.section	.bss.driver,"aw",@nobits
 398               	driver:
 399 0000 0000      		.zero	2
 400               		.text
 401               	.Letext0:
 402               		.file 2 "/usr/avr/include/stdint.h"
 403               		.file 3 "./tmk_core/common/report.h"
 404               		.file 4 "./tmk_core/common/host_driver.h"
 405               		.file 5 "./tmk_core/common/host.h"
 406               		.file 6 "./tmk_core/common/avr/xprintf.h"
 407               		.file 7 "./tmk_core/common/debug.h"
DEFINED SYMBOLS
                            *ABS*:0000000000000000 host.c
 /var/tmp/cccmnplm.s:2      *ABS*:000000000000003e __SP_H__
 /var/tmp/cccmnplm.s:3      *ABS*:000000000000003d __SP_L__
 /var/tmp/cccmnplm.s:4      *ABS*:000000000000003f __SREG__
 /var/tmp/cccmnplm.s:5      *ABS*:0000000000000000 __tmp_reg__
 /var/tmp/cccmnplm.s:6      *ABS*:0000000000000001 __zero_reg__
 /var/tmp/cccmnplm.s:13     .text.host_set_driver:0000000000000000 host_set_driver
 /var/tmp/cccmnplm.s:398    .bss.driver:0000000000000000 driver
 /var/tmp/cccmnplm.s:35     .text.host_get_driver:0000000000000000 host_get_driver
 /var/tmp/cccmnplm.s:54     .text.host_keyboard_leds:0000000000000000 host_keyboard_leds
 /var/tmp/cccmnplm.s:84     .text.host_keyboard_send:0000000000000000 host_keyboard_send
 /var/tmp/cccmnplm.s:383    .progmem.data.__c.2031:0000000000000000 __c.2031
 /var/tmp/cccmnplm.s:378    .progmem.data.__c.2034:0000000000000000 __c.2034
 /var/tmp/cccmnplm.s:373    .progmem.data.__c.2039:0000000000000000 __c.2039
 /var/tmp/cccmnplm.s:227    .text.host_mouse_send:0000000000000000 host_mouse_send
 /var/tmp/cccmnplm.s:257    .text.host_system_send:0000000000000000 host_system_send
 /var/tmp/cccmnplm.s:393    .bss.last_system_report:0000000000000000 last_system_report
 /var/tmp/cccmnplm.s:296    .text.host_consumer_send:0000000000000000 host_consumer_send
 /var/tmp/cccmnplm.s:388    .bss.last_consumer_report:0000000000000000 last_consumer_report
 /var/tmp/cccmnplm.s:335    .text.host_last_system_report:0000000000000000 host_last_system_report
 /var/tmp/cccmnplm.s:354    .text.host_last_consumer_report:0000000000000000 host_last_consumer_report

UNDEFINED SYMBOLS
debug_config
xputs
__xprintf
__do_clear_bss
